build/app/outputs/mapping/release/usage.txt
com.thefluttercommunity.meshwork_task.R
com.thefluttercommunity.meshwork_task.R$integer
com.thefluttercommunity.meshwork_task.R$layout
com.thefluttercommunity.meshwork_task.R$style
com.thefluttercommunity.meshwork_task.R$string
com.thefluttercommunity.meshwork_task.BuildConfig
com.thefluttercommunity.meshwork_task.R$id
com.thefluttercommunity.meshwork_task.R$drawable
com.thefluttercommunity.meshwork_task.R$attr
com.thefluttercommunity.meshwork_task.R$color
com.thefluttercommunity.meshwork_task.R$mipmap
com.thefluttercommunity.meshwork_task.R$styleable
com.thefluttercommunity.meshwork_task.R$dimen
...
io.flutter.embedding.engine.plugins.service.ServiceAware$OnModeChangeListener
androidx.activity.R$integer
androidx.versionedparcelable.VersionedParcelParcel:
    public void writeByteArray(byte[],int,int)
    public void writeLong(long)
    public void writeFloat(float)
    public void writeDouble(double)
    public void writeStrongBinder(android.os.IBinder)
    public void writeStrongInterface(android.os.IInterface)
    public void writeBundle(android.os.Bundle)
    public long readLong()
    public float readFloat()
    public double readDouble()
    public android.os.IBinder readStrongBinder()
    public android.os.Bundle readBundle()
    private static final boolean DEBUG
    private static final java.lang.String TAG
androidx.customview.widget.ViewDragHelper$2
androidx.core.widget.PopupMenuCompat
androidx.lifecycle.R
io.flutter.embedding.android.AndroidKeyProcessor:
    private static final java.lang.String TAG
androidx.core.app.RemoteInput$Builder
androidx.fragment.app.DialogFragment$1
io.flutter.plugin.common.BinaryMessenger:
    public abstract void send(java.lang.String,java.nio.ByteBuffer)
androidx.collection.ArrayMap:
    public void <init>(int)
    public void <init>(androidx.collection.SimpleArrayMap)
    public boolean containsAll(java.util.Collection)
    public boolean removeAll(java.util.Collection)
    public boolean retainAll(java.util.Collection)
io.flutter.embedding.android.FlutterFragment
androidx.fragment.app.FragmentTransition$3
io.flutter.embedding.engine.plugins.PluginRegistry
androidx.lifecycle.ViewModelStoreOwner
androidx.core.content.SharedPreferencesCompat
androidx.lifecycle.MutableLiveData
androidx.savedstate.SavedStateRegistry$SavedStateProvider
io.flutter.view.FlutterRunArguments
androidx.loader.app.LoaderManager$LoaderCallbacks
androidx.core.content.res.FontResourcesParserCompat$FetchStrategy
androidx.core.content.IntentCompat
androidx.annotation.InspectableProperty$EnumEntry
io.flutter.embedding.android.FlutterFragmentActivity$NewEngineIntentBuilder
androidx.fragment.app.FragmentController
androidx.core.view.GestureDetectorCompat$GestureDetectorCompatImpl
androidx.fragment.R$style
androidx.core.database.CursorWindowCompat
androidx.core.hardware.fingerprint.FingerprintManagerCompat
androidx.annotation.LongDef
androidx.core.app.ActivityRecreator$2
androidx.lifecycle.livedata.R
androidx.fragment.app.FragmentStatePagerAdapter
androidx.viewpager.widget.PagerTabStrip$2
androidx.annotation.InspectableProperty$FlagEntry
io.flutter.embedding.android.FlutterActivity$NewEngineIntentBuilder
androidx.core.app.ServiceCompat
io.flutter.embedding.engine.dart.DartExecutor$DefaultBinaryMessenger:
    public void send(java.lang.String,java.nio.ByteBuffer)
androidx.fragment.app.FragmentManagerState
androidx.core.view.accessibility.AccessibilityNodeInfoCompat$RangeInfoCompat
androidx.core.widget.TextViewCompat$OreoCallback
androidx.core.util.PatternsCompat
androidx.activity.ComponentActivity$3:
    void <init>(androidx.activity.ComponentActivity)
androidx.core.net.DatagramSocketWrapper
androidx.loader.content.ModernAsyncTask$2
io.flutter.app.FlutterActivityEvents
io.flutter.view.FlutterView$FirstFrameListener
androidx.loader.content.ModernAsyncTask$WorkerRunnable
androidx.fragment.app.BackStackRecord
androidx.core.content.FileProvider
androidx.core.view.inputmethod.InputConnectionCompat
androidx.core.app.NotificationCompat$Style
androidx.core.app.FrameMetricsAggregator$FrameMetricsApi24Impl$1
androidx.fragment.app.BackStackState$1
io.flutter.plugin.common.JSONUtil:
    private void <init>()
    public static java.lang.Object unwrap(java.lang.Object)
androidx.viewpager.widget.ViewPager$LayoutParams
androidx.core.content.pm.ShortcutInfoCompatSaver
androidx.core.widget.NestedScrollView$AccessibilityDelegate
io.flutter.embedding.engine.deferredcomponents.PlayStoreDeferredComponentManager$1
androidx.core.content.ContextCompat
androidx.fragment.app.FragmentTransitionCompat21
androidx.annotation.Dimension